<?xml version="1.0" encoding="UTF-8"?>
<!-- Generated by org.testng.reporters.JUnitReportReporter -->
<testsuite skipped="0" hostname="SAG-6WT5QV2" name="MyRunner.TestRunner" tests="1" failures="0" timestamp="16 Mar 2020 20:37:19 GMT" time="59.873" errors="0">
  <testcase name="scenario" time="59.873" classname="MyRunner.TestRunner"/>
</testsuite> <!-- MyRunner.TestRunner -->
